<?xml version="1.0" encoding="UTF-8"?>
<!-- Generated by org.testng.reporters.JUnitReportReporter -->
<testsuite hostname="DESKTOP-D1OEBDH" name="com.ng.OrangeSunReportTest" tests="1" failures="0" timestamp="12 May 2024 02:59:25 GMT" time="15.867" errors="0">
  <testcase name="orange" time="15.867" classname="com.ng.OrangeSunReportTest"/>
</testsuite> <!-- com.ng.OrangeSunReportTest -->
