<?xml version="1.0" encoding="UTF-8"?>
<!-- Generated by org.testng.reporters.JUnitReportReporter -->
<testsuite hostname="DESKTOP-D1OEBDH" name="com.ng.NumbersTest" tests="1" failures="0" timestamp="11 May 2024 20:40:37 GMT" time="0.009" errors="0">
  <testcase name="one" time="0.009" classname="com.ng.NumbersTest"/>
</testsuite> <!-- com.ng.NumbersTest -->
