<?xml version="1.0" encoding="UTF-8"?>
<!-- Generated by org.testng.reporters.JUnitReportReporter -->
<testsuite hostname="DESKTOP-D1OEBDH" name="com.ng.IHGDropDownTest" tests="2" failures="0" timestamp="11 May 2024 20:42:13 GMT" time="23.430" errors="0">
  <testcase name="ihg" time="10.062" classname="com.ng.IHGDropDownTest"/>
  <testcase name="ihg" time="13.368" classname="com.ng.IHGDropDownTest"/>
</testsuite> <!-- com.ng.IHGDropDownTest -->
